<component name="ProjectRunConfigurationManager">
  <configuration default="false" name="JUnit" type="JUnit" factoryName="JUnit">
    <module name="demo" />
    <option name="MAIN_CLASS_NAME" value="" />
    <option name="METHOD_NAME" value="" />
    <option name="TEST_OBJECT" value="directory" />
    <dir value="$PROJECT_DIR$/src/test/java/com/alexhedley/demo" />
    <method v="2">
      <option name="Make" enabled="true" />
    </method>
  </configuration>
</component>